<?xml version="1.0" encoding="UTF-8"?>
<beans xmlns="http://www.springframework.org/schema/beans"
       xmlns:xsi="http://www.w3.org/2001/XMLSchema-instance"
       xmlns:p="http://www.springframework.org/schema/p"
       xmlns:jdbc="http://www.springframework.org/schema/jdbc"
       xmlns:context="http://www.springframework.org/schema/context"
       xmlns:tx="http://www.springframework.org/schema/tx"
       xsi:schemaLocation="http://www.springframework.org/schema/beans http://www.springframework.org/schema/beans/spring-beans.xsd

                           http://www.springframework.org/schema/context http://www.springframework.org/schema/context/spring-context.xsd
                           http://www.springframework.org/schema/tx http://www.springframework.org/schema/tx/spring-tx.xsd
                           http://www.springframework.org/schema/jdbc http://www.springframework.org/schema/jdbc/spring-jdbc-3.2.xsd">

    <context:component-scan base-package="com.sample.dao.impl.**"/>
    <context:annotation-config/>

    <bean class="org.springframework.dao.annotation.PersistenceExceptionTranslationPostProcessor"/>

    <tx:annotation-driven transaction-manager="transactionManager"/>

    <!-- JPA configuration -->
    <bean id="jpaVendorAdapter" class="org.springframework.orm.jpa.vendor.HibernateJpaVendorAdapter"
          p:database="HSQL"
          p:showSql="false"
          p:generateDdl="false"
          p:databasePlatform="org.hibernate.dialect.HSQLDialect"/>

    <bean id="jpaDialect" class="org.hibernate.dialect.HSQLDialect"/>

    <!-- EntityManager factory -->
    <bean id="entityManagerFactory" class="org.springframework.orm.jpa.LocalContainerEntityManagerFactoryBean"
          p:dataSource-ref="dataSource"
          p:jpaVendorAdapter-ref="jpaVendorAdapter"
          p:persistenceUnitName="productCatalogue"/>

    <!-- TransactionMangaer -->
    <bean id="transactionManager" class="org.springframework.orm.jpa.JpaTransactionManager"
          p:entityManagerFactory-ref="entityManagerFactory"            />

    <jdbc:embedded-database id="dataSource">
        <jdbc:script location="classpath:dbunit/create_table_schema.sql"/>
        <jdbc:script location="classpath:dbunit/table_data.sql"/>
    </jdbc:embedded-database>
</beans>